<?xml version="1.0" encoding="UTF-8"?>
<!-- Generated by org.testng.reporters.JUnitXMLReporter -->
<testsuite hostname="LAPTOP-5F10D1SQ" ignored="0" name="Test" tests="3" failures="1" timestamp="2021-05-22T12:47:16 IST" time="7.429" errors="0">
  <testcase name="test01" time="4.065" classname="com.testcases.DemoTest1"/>
  <testcase name="test01" time="3.143" classname="com.testcases.DemoUserTest"/>
  <testcase name="test02" time="0.003" classname="com.testcases.DemoUserTest">
    <failure type="java.lang.AssertionError" message="expected [false] but found [true]">
      <![CDATA[java.lang.AssertionError: expected [false] but found [true]
at com.testcases.DemoUserTest.test02(DemoUserTest.java:20)
at java.util.ArrayList.forEach(ArrayList.java:1257)
... Removed 33 stack frames]]>
    </failure>
  </testcase> <!-- test02 -->
</testsuite> <!-- Test -->
