<?xml version="1.0" encoding="UTF-8" ?>
<testsuite tests="4" failures="4" name="TestSuite" time="4.958" errors="0" skipped="0">
  <properties>
[...]
</properties>
  <testcase classname="com.testcases.DemoTest1" name="test01" time="2.566">
    <failure type="java.lang.NullPointerException">java.lang.NullPointerException
	at com.listener.Sel_Listener.beforeFindBy(Sel_Listener.java:74)
	at sun.reflect.NativeMethodAccessorImpl.invoke0(Native Method)
	at sun.reflect.NativeMethodAccessorImpl.invoke(NativeMethodAccessorImpl.java:62)
	at sun.reflect.DelegatingMethodAccessorImpl.invoke(DelegatingMethodAccessorImpl.java:43)
	at java.lang.reflect.Method.invoke(Method.java:498)
	at org.openqa.selenium.support.events.EventFiringWebDriver.lambda$new$0(EventFiringWebDriver.java:84)
	at com.sun.proxy.$Proxy2.beforeFindBy(Unknown Source)
	at org.openqa.selenium.support.events.EventFiringWebDriver.findElement(EventFiringWebDriver.java:193)
	at com.testcases.DemoTest1.test01(DemoTest1.java:15)
</failure>
    <system-out>[TestNGContentHandler] [WARN] It is strongly recommended to add &quot;&lt;!DOCTYPE suite SYSTEM &quot;http://testng.org/testng-1.0.dtd&quot; &gt;&quot; at the top of your file, otherwise TestNG may fail or not work as expected.
05-16-2021 21:06:18 MyListener.java INFO  [main] testcases.TestBase 40 - Test suite is started with name:Test
05-16-2021 21:06:19 MyListener.java INFO  [main] testcases.TestBase 14 - Test case is starting with name:test01
05-16-2021 21:06:19 TestBase.java INFO  [main] testcases.TestBase 27 - initializing  chrome browser
05-16-2021 21:06:20 TestBase.java INFO  [main] testcases.TestBase 36 - launch the offline website
05-16-2021 21:06:20 Sel_Listener.java INFO  [main] testcases.TestBase 34 - Ready to navigate to the urlfile:///D:/software/selenium/Offline%20website/index.html
05-16-2021 21:06:21 Sel_Listener.java INFO  [main] testcases.TestBase 39 - Navigated to URLfile:///D:/software/selenium/Offline%20website/index.html
05-16-2021 21:06:21 TestBase.java INFO  [main] testcases.TestBase 39 - returning a initialized driver object
05-16-2021 21:06:21 TestBase.java INFO  [main] testcases.TestBase 47 - taking a screenshot
05-16-2021 21:06:21 TestBase.java INFO  [main] testcases.TestBase 50 - saving a file with name: Demo16052021090621.png
05-16-2021 21:06:21 TestBase.java WARN  [main] testcases.TestBase 53 - file location should be proper
05-16-2021 21:06:21 MyListener.java INFO  [main] testcases.TestBase 25 - Test case is failed with name:test01
</system-out>
    <system-err>Starting ChromeDriver 90.0.4430.24 (4c6d850f087da467d926e8eddb76550aed655991-refs/branch-heads/4430@{#429}) on port 35032
Only local connections are allowed.
Please see https://chromedriver.chromium.org/security-considerations for suggestions on keeping ChromeDriver safe.
ChromeDriver was started successfully.
May 16, 2021 9:06:20 PM org.openqa.selenium.remote.ProtocolHandshake createSession
INFO: Detected dialect: W3C
</system-err>
  </testcase>
  <testcase classname="com.testcases.DemoTest1" name="test02" time="0.152">
    <failure message="expected [false] but found [true]" type="java.lang.AssertionError">java.lang.AssertionError: expected [false] but found [true]
	at org.testng.Assert.fail(Assert.java:96)
	at org.testng.Assert.failNotEquals(Assert.java:776)
	at org.testng.Assert.assertEqualsImpl(Assert.java:137)
	at org.testng.Assert.assertEquals(Assert.java:118)
	at org.testng.Assert.assertEquals(Assert.java:568)
	at org.testng.Assert.assertEquals(Assert.java:578)
	at com.testcases.DemoTest1.test02(DemoTest1.java:23)
</failure>
    <system-out>05-16-2021 21:06:21 MyListener.java INFO  [main] testcases.TestBase 14 - Test case is starting with name:test02
05-16-2021 21:06:21 TestBase.java INFO  [main] testcases.TestBase 47 - taking a screenshot
05-16-2021 21:06:21 TestBase.java INFO  [main] testcases.TestBase 50 - saving a file with name: Demo16052021090621.png
05-16-2021 21:06:21 TestBase.java WARN  [main] testcases.TestBase 53 - file location should be proper
05-16-2021 21:06:21 MyListener.java INFO  [main] testcases.TestBase 25 - Test case is failed with name:test02
</system-out>
  </testcase>
  <testcase classname="com.testcases.DemoUserTest$DemoTest1" name="test01" time="2.074">
    <failure type="java.lang.NullPointerException">java.lang.NullPointerException
	at com.listener.Sel_Listener.beforeFindBy(Sel_Listener.java:74)
	at sun.reflect.NativeMethodAccessorImpl.invoke0(Native Method)
	at sun.reflect.NativeMethodAccessorImpl.invoke(NativeMethodAccessorImpl.java:62)
	at sun.reflect.DelegatingMethodAccessorImpl.invoke(DelegatingMethodAccessorImpl.java:43)
	at java.lang.reflect.Method.invoke(Method.java:498)
	at org.openqa.selenium.support.events.EventFiringWebDriver.lambda$new$0(EventFiringWebDriver.java:84)
	at com.sun.proxy.$Proxy2.beforeFindBy(Unknown Source)
	at org.openqa.selenium.support.events.EventFiringWebDriver.findElement(EventFiringWebDriver.java:193)
	at com.testcases.DemoUserTest$DemoTest1.test01(DemoUserTest.java:12)
</failure>
    <system-out>05-16-2021 21:06:21 MyListener.java INFO  [main] testcases.TestBase 14 - Test case is starting with name:test01
05-16-2021 21:06:21 TestBase.java INFO  [main] testcases.TestBase 27 - initializing  chrome browser
05-16-2021 21:06:22 TestBase.java INFO  [main] testcases.TestBase 36 - launch the offline website
05-16-2021 21:06:22 Sel_Listener.java INFO  [main] testcases.TestBase 34 - Ready to navigate to the urlfile:///D:/software/selenium/Offline%20website/index.html
05-16-2021 21:06:23 Sel_Listener.java INFO  [main] testcases.TestBase 39 - Navigated to URLfile:///D:/software/selenium/Offline%20website/index.html
05-16-2021 21:06:23 TestBase.java INFO  [main] testcases.TestBase 39 - returning a initialized driver object
05-16-2021 21:06:23 TestBase.java INFO  [main] testcases.TestBase 47 - taking a screenshot
05-16-2021 21:06:23 TestBase.java INFO  [main] testcases.TestBase 50 - saving a file with name: Demo16052021090623.png
05-16-2021 21:06:23 TestBase.java WARN  [main] testcases.TestBase 53 - file location should be proper
05-16-2021 21:06:23 MyListener.java INFO  [main] testcases.TestBase 25 - Test case is failed with name:test01
</system-out>
    <system-err>Starting ChromeDriver 90.0.4430.24 (4c6d850f087da467d926e8eddb76550aed655991-refs/branch-heads/4430@{#429}) on port 33291
Only local connections are allowed.
Please see https://chromedriver.chromium.org/security-considerations for suggestions on keeping ChromeDriver safe.
ChromeDriver was started successfully.
May 16, 2021 9:06:22 PM org.openqa.selenium.remote.ProtocolHandshake createSession
INFO: Detected dialect: W3C
</system-err>
  </testcase>
  <testcase classname="com.testcases.DemoUserTest$DemoTest1" name="test02" time="0.166">
    <failure message="expected [false] but found [true]" type="java.lang.AssertionError">java.lang.AssertionError: expected [false] but found [true]
	at org.testng.Assert.fail(Assert.java:96)
	at org.testng.Assert.failNotEquals(Assert.java:776)
	at org.testng.Assert.assertEqualsImpl(Assert.java:137)
	at org.testng.Assert.assertEquals(Assert.java:118)
	at org.testng.Assert.assertEquals(Assert.java:568)
	at org.testng.Assert.assertEquals(Assert.java:578)
	at com.testcases.DemoUserTest$DemoTest1.test02(DemoUserTest.java:20)
</failure>
    <system-out>05-16-2021 21:06:23 MyListener.java INFO  [main] testcases.TestBase 14 - Test case is starting with name:test02
05-16-2021 21:06:23 TestBase.java INFO  [main] testcases.TestBase 47 - taking a screenshot
05-16-2021 21:06:23 TestBase.java INFO  [main] testcases.TestBase 50 - saving a file with name: Demo16052021090623.png
05-16-2021 21:06:23 TestBase.java WARN  [main] testcases.TestBase 53 - file location should be proper
05-16-2021 21:06:23 MyListener.java INFO  [main] testcases.TestBase 25 - Test case is failed with name:test02
</system-out>
  </testcase>
</testsuite>