<?xml version="1.0" encoding="UTF-8"?>
<testng-results skipped="0" failed="0" ignored="0" total="1" passed="1">
  <reporter-output>
  </reporter-output>
  <suite name="Default suite" duration-ms="4317" started-at="2021-05-26T19:30:36 IST" finished-at="2021-05-26T19:30:40 IST">
    <groups>
    </groups>
    <test name="Default test" duration-ms="4317" started-at="2021-05-26T19:30:36 IST" finished-at="2021-05-26T19:30:40 IST">
      <class name="com.testcases.DashBoardTest">
        <test-method status="PASS" signature="dashBoard()[pri:0, instance:com.testcases.DashBoardTest@6043cd28]" name="dashBoard" duration-ms="4293" started-at="2021-05-26T19:30:36 IST" finished-at="2021-05-26T19:30:40 IST">
          <reporter-output>
          </reporter-output>
        </test-method> <!-- dashBoard -->
      </class> <!-- com.testcases.DashBoardTest -->
    </test> <!-- Default test -->
  </suite> <!-- Default suite -->
</testng-results>
